Using pre-set license
Built from '2020.3/staging' branch; Version is '2020.3.4f1 (0abb6314276a) revision 703331'; Using compiler version '192528614'; Build Type 'Release'
OS: 'Windows 10 Pro; OS build 19042.928; Version 2009; 64bit' Language: 'es' Physical Memory: 16335 MB
BatchMode: 1, IsHumanControllingUs: 0, StartBugReporterOnCrash: 0, Is64bit: 1, IsPro: 0

 COMMAND LINE ARGUMENTS:
C:\Program Files\Unity\Hub\Editor\2020.3.4f1\Editor\Unity.exe
-adb2
-batchMode
-noUpm
-name
AssetImportWorker0
-projectPath
C:/Users/Ttell/Desktop/repositorios/Proyecto-topicos-II/PT2 - unity
-logFile
Logs/AssetImportWorker0.log
-srvPort
54025
Successfully changed project path to: C:/Users/Ttell/Desktop/repositorios/Proyecto-topicos-II/PT2 - unity
C:/Users/Ttell/Desktop/repositorios/Proyecto-topicos-II/PT2 - unity
Using Asset Import Pipeline V2.
Refreshing native plugins compatible for Editor in 47.39 ms, found 1 plugins.
Preloading 0 native plugins for Editor in 0.00 ms.
Initialize engine version: 2020.3.4f1 (0abb6314276a)
[Subsystems] Discovering subsystems at path C:/Program Files/Unity/Hub/Editor/2020.3.4f1/Editor/Data/Resources/UnitySubsystems
[Subsystems] Discovering subsystems at path C:/Users/Ttell/Desktop/repositorios/Proyecto-topicos-II/PT2 - unity/Assets
GfxDevice: creating device client; threaded=0
Direct3D:
    Version:  Direct3D 11.0 [level 11.1]
    Renderer: NVIDIA GeForce GTX 1060 6GB (ID=0x1c03)
    Vendor:   
    VRAM:     6052 MB
    Driver:   27.21.14.5671
Initialize mono
Mono path[0] = 'C:/Program Files/Unity/Hub/Editor/2020.3.4f1/Editor/Data/Managed'
Mono path[1] = 'C:/Program Files/Unity/Hub/Editor/2020.3.4f1/Editor/Data/MonoBleedingEdge/lib/mono/unityjit'
Mono config path = 'C:/Program Files/Unity/Hub/Editor/2020.3.4f1/Editor/Data/MonoBleedingEdge/etc'
Using monoOptions --debugger-agent=transport=dt_socket,embedding=1,server=y,suspend=n,address=127.0.0.1:56352
Begin MonoManager ReloadAssembly
Registering precompiled unity dll's ...
Register platform support module: C:/Program Files/Unity/Hub/Editor/2020.3.4f1/Editor/Data/PlaybackEngines/WebGLSupport/UnityEditor.WebGL.Extensions.dll
Register platform support module: C:/Program Files/Unity/Hub/Editor/2020.3.4f1/Editor/Data/PlaybackEngines/WindowsStandaloneSupport/UnityEditor.WindowsStandalone.Extensions.dll
Registered in 0.005198 seconds.
Native extension for WindowsStandalone target not found
Native extension for WebGL target not found
Refreshing native plugins compatible for Editor in 53.74 ms, found 1 plugins.
Preloading 0 native plugins for Editor in 0.00 ms.
Mono: successfully reloaded assembly
- Completed reload, in  2.870 seconds
Platform modules already initialized, skipping
Registering precompiled user dll's ...
Registered in 0.001947 seconds.
Begin MonoManager ReloadAssembly
Native extension for WindowsStandalone target not found
Native extension for WebGL target not found
Refreshing native plugins compatible for Editor in 47.00 ms, found 1 plugins.
Preloading 0 native plugins for Editor in 0.00 ms.
Mono: successfully reloaded assembly
- Completed reload, in  1.170 seconds
Platform modules already initialized, skipping
========================================================================
Worker process is ready to serve import requests
Launched and connected shader compiler UnityShaderCompiler.exe after 0.05 seconds
Refreshing native plugins compatible for Editor in 0.38 ms, found 1 plugins.
Preloading 0 native plugins for Editor in 0.00 ms.
Unloading 1856 Unused Serialized files (Serialized files now loaded: 0)
System memory in use before: 87.9 MB.
System memory in use after: 87.9 MB.

Unloading 24 unused Assets to reduce memory usage. Loaded Objects now: 2299.
Total: 2.362100 ms (FindLiveObjects: 0.263300 ms CreateObjectMapping: 0.050600 ms MarkObjects: 1.896600 ms  DeleteObjects: 0.150400 ms)

========================================================================
Received Import Request.
  path: Assets/Scripts/MovimientoJugador.cs
  artifactKey: Guid(4e8611abcfec5c34ead47bf64db3339b) Importer(815301076,1909f56bfc062723c751e8b465ee728b)
Start importing Assets/Scripts/MovimientoJugador.cs using Guid(4e8611abcfec5c34ead47bf64db3339b) Importer(815301076,1909f56bfc062723c751e8b465ee728b)  -> (artifact id: '4b355f91fe772b7d7f240058fb3710ea') in 0.028748 seconds
  Import took 0.032034 seconds .

========================================================================
Received Import Request.
  Time since last request: 23.442258 seconds.
  path: Assets/Scenes/Escena1.unity
  artifactKey: Guid(0c49435186bb84c469a10b862d181ec0) Importer(815301076,1909f56bfc062723c751e8b465ee728b)
Start importing Assets/Scenes/Escena1.unity using Guid(0c49435186bb84c469a10b862d181ec0) Importer(815301076,1909f56bfc062723c751e8b465ee728b)  -> (artifact id: '7ea0408d70d29aa2dfd7aaf7db4bcbd3') in 0.018461 seconds
  Import took 0.021494 seconds .

========================================================================
Received Import Request.
  Time since last request: 12.240458 seconds.
  path: Assets/Scenes/MenuPpal.unity
  artifactKey: Guid(2cda990e2423bbf4892e6590ba056729) Importer(815301076,1909f56bfc062723c751e8b465ee728b)
Start importing Assets/Scenes/MenuPpal.unity using Guid(2cda990e2423bbf4892e6590ba056729) Importer(815301076,1909f56bfc062723c751e8b465ee728b)  -> (artifact id: '4721e09a8da3291c0ea5e24a69fd0710') in 0.010189 seconds
  Import took 0.013346 seconds .

========================================================================
Received Prepare
Registering precompiled user dll's ...
Registered in 0.001184 seconds.
Begin MonoManager ReloadAssembly
Native extension for WindowsStandalone target not found
Native extension for WebGL target not found
Refreshing native plugins compatible for Editor in 0.40 ms, found 1 plugins.
Preloading 0 native plugins for Editor in 0.00 ms.
Mono: successfully reloaded assembly
- Completed reload, in  1.001 seconds
Platform modules already initialized, skipping
Refreshing native plugins compatible for Editor in 0.41 ms, found 1 plugins.
Preloading 0 native plugins for Editor in 0.00 ms.
Unloading 1838 Unused Serialized files (Serialized files now loaded: 0)
System memory in use before: 86.6 MB.
System memory in use after: 86.6 MB.

Unloading 12 unused Assets to reduce memory usage. Loaded Objects now: 2303.
Total: 2.185000 ms (FindLiveObjects: 0.231400 ms CreateObjectMapping: 0.050700 ms MarkObjects: 1.780900 ms  DeleteObjects: 0.120600 ms)

========================================================================
Received Prepare
Registering precompiled user dll's ...
Registered in 0.001163 seconds.
Begin MonoManager ReloadAssembly
Native extension for WindowsStandalone target not found
Native extension for WebGL target not found
Refreshing native plugins compatible for Editor in 0.40 ms, found 1 plugins.
Preloading 0 native plugins for Editor in 0.00 ms.
Mono: successfully reloaded assembly
- Completed reload, in  1.002 seconds
Platform modules already initialized, skipping
Refreshing native plugins compatible for Editor in 0.40 ms, found 1 plugins.
Preloading 0 native plugins for Editor in 0.00 ms.
Unloading 1838 Unused Serialized files (Serialized files now loaded: 0)
System memory in use before: 86.7 MB.
System memory in use after: 86.6 MB.

Unloading 12 unused Assets to reduce memory usage. Loaded Objects now: 2307.
Total: 2.090800 ms (FindLiveObjects: 0.195500 ms CreateObjectMapping: 0.048200 ms MarkObjects: 1.729700 ms  DeleteObjects: 0.116400 ms)

========================================================================
Received Prepare
Registering precompiled user dll's ...
Registered in 0.001208 seconds.
Begin MonoManager ReloadAssembly
Native extension for WindowsStandalone target not found
Native extension for WebGL target not found
Refreshing native plugins compatible for Editor in 0.41 ms, found 1 plugins.
Preloading 0 native plugins for Editor in 0.00 ms.
Mono: successfully reloaded assembly
- Completed reload, in  0.982 seconds
Platform modules already initialized, skipping
Refreshing native plugins compatible for Editor in 0.40 ms, found 1 plugins.
Preloading 0 native plugins for Editor in 0.00 ms.
Unloading 1838 Unused Serialized files (Serialized files now loaded: 0)
System memory in use before: 86.7 MB.
System memory in use after: 86.7 MB.

Unloading 12 unused Assets to reduce memory usage. Loaded Objects now: 2311.
Total: 2.142000 ms (FindLiveObjects: 0.202300 ms CreateObjectMapping: 0.050400 ms MarkObjects: 1.769600 ms  DeleteObjects: 0.118500 ms)

========================================================================
Received Prepare
Registering precompiled user dll's ...
Registered in 0.001401 seconds.
Begin MonoManager ReloadAssembly
Native extension for WindowsStandalone target not found
Native extension for WebGL target not found
Refreshing native plugins compatible for Editor in 0.39 ms, found 1 plugins.
Preloading 0 native plugins for Editor in 0.00 ms.
Mono: successfully reloaded assembly
- Completed reload, in  0.998 seconds
Platform modules already initialized, skipping
Refreshing native plugins compatible for Editor in 0.40 ms, found 1 plugins.
Preloading 0 native plugins for Editor in 0.00 ms.
Unloading 1838 Unused Serialized files (Serialized files now loaded: 0)
System memory in use before: 86.7 MB.
System memory in use after: 86.7 MB.

Unloading 12 unused Assets to reduce memory usage. Loaded Objects now: 2315.
Total: 2.272200 ms (FindLiveObjects: 0.229700 ms CreateObjectMapping: 0.057000 ms MarkObjects: 1.858900 ms  DeleteObjects: 0.124800 ms)

========================================================================
Received Import Request.
  Time since last request: 252.948517 seconds.
  path: Assets/Scripts/MovimientoJugador.cs
  artifactKey: Guid(4e8611abcfec5c34ead47bf64db3339b) Importer(815301076,1909f56bfc062723c751e8b465ee728b)
Start importing Assets/Scripts/MovimientoJugador.cs using Guid(4e8611abcfec5c34ead47bf64db3339b) Importer(815301076,1909f56bfc062723c751e8b465ee728b)  -> (artifact id: '508414232077a8af9ff5eb5f131a60ab') in 0.005889 seconds
  Import took 0.009052 seconds .

========================================================================
Received Import Request.
  Time since last request: 0.000933 seconds.
  path: Assets/Scripts/MovimientoJugador.cs
  artifactKey: Guid(4e8611abcfec5c34ead47bf64db3339b) Importer(815301076,1909f56bfc062723c751e8b465ee728b)
Start importing Assets/Scripts/MovimientoJugador.cs using Guid(4e8611abcfec5c34ead47bf64db3339b) Importer(815301076,1909f56bfc062723c751e8b465ee728b)  -> (artifact id: '508414232077a8af9ff5eb5f131a60ab') in 0.002918 seconds
  Import took 0.005817 seconds .

========================================================================
Received Prepare
Registering precompiled user dll's ...
Registered in 0.001400 seconds.
Begin MonoManager ReloadAssembly
Native extension for WindowsStandalone target not found
Native extension for WebGL target not found
Refreshing native plugins compatible for Editor in 0.40 ms, found 1 plugins.
Preloading 0 native plugins for Editor in 0.00 ms.
Mono: successfully reloaded assembly
- Completed reload, in  0.982 seconds
Platform modules already initialized, skipping
Refreshing native plugins compatible for Editor in 0.39 ms, found 1 plugins.
Preloading 0 native plugins for Editor in 0.00 ms.
Unloading 1837 Unused Serialized files (Serialized files now loaded: 0)
System memory in use before: 86.7 MB.
System memory in use after: 86.7 MB.

Unloading 13 unused Assets to reduce memory usage. Loaded Objects now: 2318.
Total: 2.213500 ms (FindLiveObjects: 0.208600 ms CreateObjectMapping: 0.049700 ms MarkObjects: 1.831100 ms  DeleteObjects: 0.123100 ms)

========================================================================
Received Prepare
Registering precompiled user dll's ...
Registered in 0.001205 seconds.
Begin MonoManager ReloadAssembly
Native extension for WindowsStandalone target not found
Native extension for WebGL target not found
Refreshing native plugins compatible for Editor in 0.39 ms, found 1 plugins.
Preloading 0 native plugins for Editor in 0.00 ms.
Mono: successfully reloaded assembly
- Completed reload, in  1.049 seconds
Platform modules already initialized, skipping
Refreshing native plugins compatible for Editor in 0.39 ms, found 1 plugins.
Preloading 0 native plugins for Editor in 0.00 ms.
Unloading 1837 Unused Serialized files (Serialized files now loaded: 0)
System memory in use before: 86.7 MB.
System memory in use after: 86.7 MB.

Unloading 12 unused Assets to reduce memory usage. Loaded Objects now: 2322.
Total: 2.099700 ms (FindLiveObjects: 0.185300 ms CreateObjectMapping: 0.049000 ms MarkObjects: 1.744400 ms  DeleteObjects: 0.119600 ms)

========================================================================
Received Prepare
Registering precompiled user dll's ...
Registered in 0.001200 seconds.
Begin MonoManager ReloadAssembly
Native extension for WindowsStandalone target not found
Native extension for WebGL target not found
Refreshing native plugins compatible for Editor in 0.39 ms, found 1 plugins.
Preloading 0 native plugins for Editor in 0.00 ms.
Mono: successfully reloaded assembly
- Completed reload, in  0.989 seconds
Platform modules already initialized, skipping
Refreshing native plugins compatible for Editor in 0.39 ms, found 1 plugins.
Preloading 0 native plugins for Editor in 0.00 ms.
Unloading 1838 Unused Serialized files (Serialized files now loaded: 0)
System memory in use before: 86.7 MB.
System memory in use after: 86.7 MB.

Unloading 12 unused Assets to reduce memory usage. Loaded Objects now: 2327.
Total: 2.169000 ms (FindLiveObjects: 0.213500 ms CreateObjectMapping: 0.057900 ms MarkObjects: 1.767400 ms  DeleteObjects: 0.129200 ms)

========================================================================
Received Prepare
Registering precompiled user dll's ...
Registered in 0.001204 seconds.
Begin MonoManager ReloadAssembly
Native extension for WindowsStandalone target not found
Native extension for WebGL target not found
Refreshing native plugins compatible for Editor in 0.43 ms, found 1 plugins.
Preloading 0 native plugins for Editor in 0.00 ms.
Mono: successfully reloaded assembly
- Completed reload, in  1.018 seconds
Platform modules already initialized, skipping
Refreshing native plugins compatible for Editor in 0.39 ms, found 1 plugins.
Preloading 0 native plugins for Editor in 0.00 ms.
Unloading 1838 Unused Serialized files (Serialized files now loaded: 0)
System memory in use before: 86.8 MB.
System memory in use after: 86.7 MB.

Unloading 12 unused Assets to reduce memory usage. Loaded Objects now: 2331.
Total: 2.274000 ms (FindLiveObjects: 0.220400 ms CreateObjectMapping: 0.050100 ms MarkObjects: 1.876200 ms  DeleteObjects: 0.125900 ms)

========================================================================
Received Import Request.
  Time since last request: 912.213522 seconds.
  path: Assets/animations/player_jump.anim
  artifactKey: Guid(84a1a164cdcc9c441bd050b4084f3106) Importer(815301076,1909f56bfc062723c751e8b465ee728b)
Start importing Assets/animations/player_jump.anim using Guid(84a1a164cdcc9c441bd050b4084f3106) Importer(815301076,1909f56bfc062723c751e8b465ee728b)  -> (artifact id: 'ec10c419455a8af442f0a6f3d6e3fe53') in 0.025048 seconds
  Import took 0.028443 seconds .

========================================================================
Received Import Request.
  Time since last request: 0.002064 seconds.
  path: Assets/animations/player_jump.anim
  artifactKey: Guid(84a1a164cdcc9c441bd050b4084f3106) Importer(815301076,1909f56bfc062723c751e8b465ee728b)
Start importing Assets/animations/player_jump.anim using Guid(84a1a164cdcc9c441bd050b4084f3106) Importer(815301076,1909f56bfc062723c751e8b465ee728b)  -> (artifact id: 'ec10c419455a8af442f0a6f3d6e3fe53') in 0.004388 seconds
  Import took 0.007942 seconds .

========================================================================
Received Prepare
Registering precompiled user dll's ...
Registered in 0.001444 seconds.
Begin MonoManager ReloadAssembly
Native extension for WindowsStandalone target not found
Native extension for WebGL target not found
Refreshing native plugins compatible for Editor in 0.40 ms, found 1 plugins.
Preloading 0 native plugins for Editor in 0.00 ms.
Mono: successfully reloaded assembly
- Completed reload, in  1.064 seconds
Platform modules already initialized, skipping
Refreshing native plugins compatible for Editor in 0.40 ms, found 1 plugins.
Preloading 0 native plugins for Editor in 0.00 ms.
Unloading 1838 Unused Serialized files (Serialized files now loaded: 0)
System memory in use before: 86.8 MB.
System memory in use after: 86.7 MB.

Unloading 12 unused Assets to reduce memory usage. Loaded Objects now: 2335.
Total: 2.196400 ms (FindLiveObjects: 0.227200 ms CreateObjectMapping: 0.049500 ms MarkObjects: 1.795500 ms  DeleteObjects: 0.122800 ms)

========================================================================
Received Prepare
Registering precompiled user dll's ...
Registered in 0.001409 seconds.
Begin MonoManager ReloadAssembly
Native extension for WindowsStandalone target not found
Native extension for WebGL target not found
Refreshing native plugins compatible for Editor in 0.45 ms, found 1 plugins.
Preloading 0 native plugins for Editor in 0.00 ms.
Mono: successfully reloaded assembly
- Completed reload, in  1.055 seconds
Platform modules already initialized, skipping
Refreshing native plugins compatible for Editor in 0.39 ms, found 1 plugins.
Preloading 0 native plugins for Editor in 0.00 ms.
Unloading 1838 Unused Serialized files (Serialized files now loaded: 0)
System memory in use before: 86.8 MB.
System memory in use after: 86.8 MB.

Unloading 12 unused Assets to reduce memory usage. Loaded Objects now: 2339.
Total: 2.631800 ms (FindLiveObjects: 0.430700 ms CreateObjectMapping: 0.109000 ms MarkObjects: 1.957300 ms  DeleteObjects: 0.133600 ms)

========================================================================
Received Import Request.
  Time since last request: 112.266638 seconds.
  path: Assets/Scripts/PlayerMovement.cs
  artifactKey: Guid(a9c7fbdc63701174fa21d7b1871b448e) Importer(815301076,1909f56bfc062723c751e8b465ee728b)
Start importing Assets/Scripts/PlayerMovement.cs using Guid(a9c7fbdc63701174fa21d7b1871b448e) Importer(815301076,1909f56bfc062723c751e8b465ee728b)  -> (artifact id: 'e4cd0cfd3e1e89b87f5cac360e1bd157') in 0.014398 seconds
  Import took 0.017580 seconds .

========================================================================
Received Prepare
Registering precompiled user dll's ...
Registered in 0.001443 seconds.
Begin MonoManager ReloadAssembly
Native extension for WindowsStandalone target not found
Native extension for WebGL target not found
Refreshing native plugins compatible for Editor in 0.41 ms, found 1 plugins.
Preloading 0 native plugins for Editor in 0.00 ms.
Mono: successfully reloaded assembly
- Completed reload, in  1.024 seconds
Platform modules already initialized, skipping
Refreshing native plugins compatible for Editor in 0.39 ms, found 1 plugins.
Preloading 0 native plugins for Editor in 0.00 ms.
Unloading 1842 Unused Serialized files (Serialized files now loaded: 0)
System memory in use before: 87.0 MB.
System memory in use after: 86.9 MB.

Unloading 13 unused Assets to reduce memory usage. Loaded Objects now: 2346.
Total: 2.456400 ms (FindLiveObjects: 0.220100 ms CreateObjectMapping: 0.048600 ms MarkObjects: 2.040000 ms  DeleteObjects: 0.146200 ms)

========================================================================
Received Prepare
Registering precompiled user dll's ...
Registered in 0.001602 seconds.
Begin MonoManager ReloadAssembly
Native extension for WindowsStandalone target not found
Native extension for WebGL target not found
Refreshing native plugins compatible for Editor in 0.39 ms, found 1 plugins.
Preloading 0 native plugins for Editor in 0.00 ms.
Mono: successfully reloaded assembly
- Completed reload, in  0.990 seconds
Platform modules already initialized, skipping
Refreshing native plugins compatible for Editor in 0.40 ms, found 1 plugins.
Preloading 0 native plugins for Editor in 0.00 ms.
Unloading 1842 Unused Serialized files (Serialized files now loaded: 0)
System memory in use before: 87.0 MB.
System memory in use after: 87.0 MB.

Unloading 13 unused Assets to reduce memory usage. Loaded Objects now: 2350.
Total: 2.532300 ms (FindLiveObjects: 0.202700 ms CreateObjectMapping: 0.056200 ms MarkObjects: 2.135300 ms  DeleteObjects: 0.137000 ms)

========================================================================
Received Prepare
Registering precompiled user dll's ...
Registered in 0.001182 seconds.
Begin MonoManager ReloadAssembly
Native extension for WindowsStandalone target not found
Native extension for WebGL target not found
Refreshing native plugins compatible for Editor in 0.40 ms, found 1 plugins.
Preloading 0 native plugins for Editor in 0.00 ms.
Mono: successfully reloaded assembly
- Completed reload, in  1.022 seconds
Platform modules already initialized, skipping
Refreshing native plugins compatible for Editor in 0.39 ms, found 1 plugins.
Preloading 0 native plugins for Editor in 0.00 ms.
Unloading 1842 Unused Serialized files (Serialized files now loaded: 0)
System memory in use before: 87.0 MB.
System memory in use after: 87.0 MB.

Unloading 13 unused Assets to reduce memory usage. Loaded Objects now: 2354.
Total: 2.329600 ms (FindLiveObjects: 0.270600 ms CreateObjectMapping: 0.063200 ms MarkObjects: 1.857900 ms  DeleteObjects: 0.136600 ms)

========================================================================
Received Import Request.
  Time since last request: 413.130698 seconds.
  path: Assets/animations/player_idle.anim
  artifactKey: Guid(04d5f4fa929899d488b7543f39b368f2) Importer(815301076,1909f56bfc062723c751e8b465ee728b)
Start importing Assets/animations/player_idle.anim using Guid(04d5f4fa929899d488b7543f39b368f2) Importer(815301076,1909f56bfc062723c751e8b465ee728b)  -> (artifact id: '504e02a72c42a50b5fbbb69893316e52') in 0.019437 seconds
  Import took 0.022793 seconds .

========================================================================
Received Import Request.
  Time since last request: 3.766237 seconds.
  path: Assets/animations/player_jump.anim
  artifactKey: Guid(84a1a164cdcc9c441bd050b4084f3106) Importer(815301076,1909f56bfc062723c751e8b465ee728b)
Start importing Assets/animations/player_jump.anim using Guid(84a1a164cdcc9c441bd050b4084f3106) Importer(815301076,1909f56bfc062723c751e8b465ee728b)  -> (artifact id: '898d83576606a2d99fe6d1f609404c40') in 0.003770 seconds
  Import took 0.006821 seconds .

========================================================================
Received Import Request.
  Time since last request: 18.006580 seconds.
  path: Assets/animations/Player.controller
  artifactKey: Guid(ed9b56e240b02bf4aa3d81a122656e25) Importer(815301076,1909f56bfc062723c751e8b465ee728b)
Start importing Assets/animations/Player.controller using Guid(ed9b56e240b02bf4aa3d81a122656e25) Importer(815301076,1909f56bfc062723c751e8b465ee728b)  -> (artifact id: '901f8904806fc2ced40e5f71672bbd06') in 0.008048 seconds
  Import took 0.011243 seconds .

========================================================================
Received Import Request.
  Time since last request: 38.414739 seconds.
  path: Assets/imgs/player_idle.anim
  artifactKey: Guid(e2823ca2febab244d9fcfd10014acc78) Importer(815301076,1909f56bfc062723c751e8b465ee728b)
Start importing Assets/imgs/player_idle.anim using Guid(e2823ca2febab244d9fcfd10014acc78) Importer(815301076,1909f56bfc062723c751e8b465ee728b)  -> (artifact id: '3f6a233412bc38a134ccd9d6ad2e2504') in 0.004079 seconds
  Import took 0.007787 seconds .

========================================================================
Received Import Request.
  Time since last request: 7.886536 seconds.
  path: Assets/animations/Player.controller
  artifactKey: Guid(ed9b56e240b02bf4aa3d81a122656e25) Importer(815301076,1909f56bfc062723c751e8b465ee728b)
Start importing Assets/animations/Player.controller using Guid(ed9b56e240b02bf4aa3d81a122656e25) Importer(815301076,1909f56bfc062723c751e8b465ee728b)  -> (artifact id: '324a98defda780efdedd2f2d2d622e2d') in 0.003688 seconds
  Import took 0.006760 seconds .

========================================================================
Received Prepare
Registering precompiled user dll's ...
Registered in 0.001170 seconds.
Begin MonoManager ReloadAssembly
Native extension for WindowsStandalone target not found
Native extension for WebGL target not found
Refreshing native plugins compatible for Editor in 0.40 ms, found 1 plugins.
Preloading 0 native plugins for Editor in 0.00 ms.
Mono: successfully reloaded assembly
- Completed reload, in  0.994 seconds
Platform modules already initialized, skipping
Refreshing native plugins compatible for Editor in 0.39 ms, found 1 plugins.
Preloading 0 native plugins for Editor in 0.00 ms.
Unloading 1842 Unused Serialized files (Serialized files now loaded: 0)
System memory in use before: 87.0 MB.
System memory in use after: 87.0 MB.

Unloading 13 unused Assets to reduce memory usage. Loaded Objects now: 2358.
Total: 2.265600 ms (FindLiveObjects: 0.221100 ms CreateObjectMapping: 0.053000 ms MarkObjects: 1.845500 ms  DeleteObjects: 0.145000 ms)

========================================================================
Received Prepare
Registering precompiled user dll's ...
Registered in 0.001190 seconds.
Begin MonoManager ReloadAssembly
Native extension for WindowsStandalone target not found
Native extension for WebGL target not found
Refreshing native plugins compatible for Editor in 0.40 ms, found 1 plugins.
Preloading 0 native plugins for Editor in 0.00 ms.
Mono: successfully reloaded assembly
- Completed reload, in  0.996 seconds
Platform modules already initialized, skipping
Refreshing native plugins compatible for Editor in 0.41 ms, found 1 plugins.
Preloading 0 native plugins for Editor in 0.00 ms.
Unloading 1842 Unused Serialized files (Serialized files now loaded: 0)
System memory in use before: 87.0 MB.
System memory in use after: 87.0 MB.

Unloading 13 unused Assets to reduce memory usage. Loaded Objects now: 2362.
Total: 2.302600 ms (FindLiveObjects: 0.217600 ms CreateObjectMapping: 0.050600 ms MarkObjects: 1.888700 ms  DeleteObjects: 0.144500 ms)

========================================================================
Received Prepare
Registering precompiled user dll's ...
Registered in 0.001232 seconds.
Begin MonoManager ReloadAssembly
Native extension for WindowsStandalone target not found
Native extension for WebGL target not found
Refreshing native plugins compatible for Editor in 0.39 ms, found 1 plugins.
Preloading 0 native plugins for Editor in 0.00 ms.
Mono: successfully reloaded assembly
- Completed reload, in  1.008 seconds
Platform modules already initialized, skipping
Refreshing native plugins compatible for Editor in 0.52 ms, found 1 plugins.
Preloading 0 native plugins for Editor in 0.00 ms.
Unloading 1842 Unused Serialized files (Serialized files now loaded: 0)
System memory in use before: 87.0 MB.
System memory in use after: 87.0 MB.

Unloading 13 unused Assets to reduce memory usage. Loaded Objects now: 2366.
Total: 2.544500 ms (FindLiveObjects: 0.236500 ms CreateObjectMapping: 0.051200 ms MarkObjects: 2.114900 ms  DeleteObjects: 0.140700 ms)

========================================================================
Received Prepare
Registering precompiled user dll's ...
Registered in 0.001179 seconds.
Begin MonoManager ReloadAssembly
Native extension for WindowsStandalone target not found
Native extension for WebGL target not found
Refreshing native plugins compatible for Editor in 0.40 ms, found 1 plugins.
Preloading 0 native plugins for Editor in 0.00 ms.
Mono: successfully reloaded assembly
- Completed reload, in  0.990 seconds
Platform modules already initialized, skipping
Refreshing native plugins compatible for Editor in 0.41 ms, found 1 plugins.
Preloading 0 native plugins for Editor in 0.00 ms.
Unloading 1842 Unused Serialized files (Serialized files now loaded: 0)
System memory in use before: 87.1 MB.
System memory in use after: 87.0 MB.

Unloading 13 unused Assets to reduce memory usage. Loaded Objects now: 2370.
Total: 2.603600 ms (FindLiveObjects: 0.236900 ms CreateObjectMapping: 0.068800 ms MarkObjects: 2.144400 ms  DeleteObjects: 0.152100 ms)

========================================================================
Received Prepare
Registering precompiled user dll's ...
Registered in 0.001148 seconds.
Begin MonoManager ReloadAssembly
Native extension for WindowsStandalone target not found
Native extension for WebGL target not found
Refreshing native plugins compatible for Editor in 0.40 ms, found 1 plugins.
Preloading 0 native plugins for Editor in 0.00 ms.
Mono: successfully reloaded assembly
- Completed reload, in  0.979 seconds
Platform modules already initialized, skipping
Refreshing native plugins compatible for Editor in 0.39 ms, found 1 plugins.
Preloading 0 native plugins for Editor in 0.00 ms.
Unloading 1842 Unused Serialized files (Serialized files now loaded: 0)
System memory in use before: 87.1 MB.
System memory in use after: 87.0 MB.

Unloading 13 unused Assets to reduce memory usage. Loaded Objects now: 2374.
Total: 2.204500 ms (FindLiveObjects: 0.216900 ms CreateObjectMapping: 0.059400 ms MarkObjects: 1.798000 ms  DeleteObjects: 0.129200 ms)

========================================================================
Received Prepare
Registering precompiled user dll's ...
Registered in 0.001215 seconds.
Begin MonoManager ReloadAssembly
Native extension for WindowsStandalone target not found
Native extension for WebGL target not found
Refreshing native plugins compatible for Editor in 0.41 ms, found 1 plugins.
Preloading 0 native plugins for Editor in 0.00 ms.
Mono: successfully reloaded assembly
- Completed reload, in  0.994 seconds
Platform modules already initialized, skipping
Refreshing native plugins compatible for Editor in 0.39 ms, found 1 plugins.
Preloading 0 native plugins for Editor in 0.00 ms.
Unloading 1842 Unused Serialized files (Serialized files now loaded: 0)
System memory in use before: 87.1 MB.
System memory in use after: 87.0 MB.

Unloading 13 unused Assets to reduce memory usage. Loaded Objects now: 2378.
Total: 2.117200 ms (FindLiveObjects: 0.202300 ms CreateObjectMapping: 0.048500 ms MarkObjects: 1.732100 ms  DeleteObjects: 0.132800 ms)

========================================================================
Received Prepare
Registering precompiled user dll's ...
Registered in 0.001829 seconds.
Begin MonoManager ReloadAssembly
Native extension for WindowsStandalone target not found
Native extension for WebGL target not found
Refreshing native plugins compatible for Editor in 0.40 ms, found 1 plugins.
Preloading 0 native plugins for Editor in 0.00 ms.
Mono: successfully reloaded assembly
- Completed reload, in  0.990 seconds
Platform modules already initialized, skipping
Refreshing native plugins compatible for Editor in 0.41 ms, found 1 plugins.
Preloading 0 native plugins for Editor in 0.00 ms.
Unloading 1842 Unused Serialized files (Serialized files now loaded: 0)
System memory in use before: 87.1 MB.
System memory in use after: 87.0 MB.

Unloading 13 unused Assets to reduce memory usage. Loaded Objects now: 2382.
Total: 2.245800 ms (FindLiveObjects: 0.248800 ms CreateObjectMapping: 0.051200 ms MarkObjects: 1.803600 ms  DeleteObjects: 0.141400 ms)

========================================================================
Received Prepare
Registering precompiled user dll's ...
Registered in 0.001226 seconds.
Begin MonoManager ReloadAssembly
Native extension for WindowsStandalone target not found
Native extension for WebGL target not found
Refreshing native plugins compatible for Editor in 0.39 ms, found 1 plugins.
Preloading 0 native plugins for Editor in 0.00 ms.
Mono: successfully reloaded assembly
- Completed reload, in  1.006 seconds
Platform modules already initialized, skipping
Refreshing native plugins compatible for Editor in 0.40 ms, found 1 plugins.
Preloading 0 native plugins for Editor in 0.00 ms.
Unloading 1842 Unused Serialized files (Serialized files now loaded: 0)
System memory in use before: 87.1 MB.
System memory in use after: 87.0 MB.

Unloading 13 unused Assets to reduce memory usage. Loaded Objects now: 2386.
Total: 2.276500 ms (FindLiveObjects: 0.222200 ms CreateObjectMapping: 0.049900 ms MarkObjects: 1.868300 ms  DeleteObjects: 0.134800 ms)

========================================================================
Received Prepare
Registering precompiled user dll's ...
Registered in 0.001384 seconds.
Begin MonoManager ReloadAssembly
Native extension for WindowsStandalone target not found
Native extension for WebGL target not found
Refreshing native plugins compatible for Editor in 0.41 ms, found 1 plugins.
Preloading 0 native plugins for Editor in 0.00 ms.
Mono: successfully reloaded assembly
- Completed reload, in  0.991 seconds
Platform modules already initialized, skipping
Refreshing native plugins compatible for Editor in 0.38 ms, found 1 plugins.
Preloading 0 native plugins for Editor in 0.00 ms.
Unloading 1842 Unused Serialized files (Serialized files now loaded: 0)
System memory in use before: 87.1 MB.
System memory in use after: 87.1 MB.

Unloading 13 unused Assets to reduce memory usage. Loaded Objects now: 2390.
Total: 2.209400 ms (FindLiveObjects: 0.227200 ms CreateObjectMapping: 0.061200 ms MarkObjects: 1.791300 ms  DeleteObjects: 0.128600 ms)

========================================================================
Received Prepare
Registering precompiled user dll's ...
Registered in 0.001271 seconds.
Begin MonoManager ReloadAssembly
Native extension for WindowsStandalone target not found
Native extension for WebGL target not found
Refreshing native plugins compatible for Editor in 0.41 ms, found 1 plugins.
Preloading 0 native plugins for Editor in 0.00 ms.
Mono: successfully reloaded assembly
- Completed reload, in  1.080 seconds
Platform modules already initialized, skipping
Refreshing native plugins compatible for Editor in 0.39 ms, found 1 plugins.
Preloading 0 native plugins for Editor in 0.00 ms.
Unloading 1842 Unused Serialized files (Serialized files now loaded: 0)
System memory in use before: 87.1 MB.
System memory in use after: 87.1 MB.

Unloading 13 unused Assets to reduce memory usage. Loaded Objects now: 2394.
Total: 2.377800 ms (FindLiveObjects: 0.237400 ms CreateObjectMapping: 0.050500 ms MarkObjects: 1.947200 ms  DeleteObjects: 0.141300 ms)

========================================================================
Received Prepare
Registering precompiled user dll's ...
Registered in 0.001206 seconds.
Begin MonoManager ReloadAssembly
Native extension for WindowsStandalone target not found
Native extension for WebGL target not found
Refreshing native plugins compatible for Editor in 0.40 ms, found 1 plugins.
Preloading 0 native plugins for Editor in 0.00 ms.
Mono: successfully reloaded assembly
- Completed reload, in  0.988 seconds
Platform modules already initialized, skipping
Refreshing native plugins compatible for Editor in 0.40 ms, found 1 plugins.
Preloading 0 native plugins for Editor in 0.00 ms.
Unloading 1842 Unused Serialized files (Serialized files now loaded: 0)
System memory in use before: 87.1 MB.
System memory in use after: 87.1 MB.

Unloading 13 unused Assets to reduce memory usage. Loaded Objects now: 2398.
Total: 2.172500 ms (FindLiveObjects: 0.212700 ms CreateObjectMapping: 0.050300 ms MarkObjects: 1.774400 ms  DeleteObjects: 0.134300 ms)

========================================================================
Received Prepare
Registering precompiled user dll's ...
Registered in 0.001208 seconds.
Begin MonoManager ReloadAssembly
Native extension for WindowsStandalone target not found
Native extension for WebGL target not found
Refreshing native plugins compatible for Editor in 0.68 ms, found 1 plugins.
Preloading 0 native plugins for Editor in 0.00 ms.
Mono: successfully reloaded assembly
- Completed reload, in  1.006 seconds
Platform modules already initialized, skipping
Refreshing native plugins compatible for Editor in 0.39 ms, found 1 plugins.
Preloading 0 native plugins for Editor in 0.00 ms.
Unloading 1842 Unused Serialized files (Serialized files now loaded: 0)
System memory in use before: 87.1 MB.
System memory in use after: 87.1 MB.

Unloading 13 unused Assets to reduce memory usage. Loaded Objects now: 2402.
Total: 2.188500 ms (FindLiveObjects: 0.224700 ms CreateObjectMapping: 0.051500 ms MarkObjects: 1.772600 ms  DeleteObjects: 0.138600 ms)

========================================================================
Received Prepare
Registering precompiled user dll's ...
Registered in 0.001181 seconds.
Begin MonoManager ReloadAssembly
Native extension for WindowsStandalone target not found
Native extension for WebGL target not found
Refreshing native plugins compatible for Editor in 0.39 ms, found 1 plugins.
Preloading 0 native plugins for Editor in 0.00 ms.
Mono: successfully reloaded assembly
- Completed reload, in  1.023 seconds
Platform modules already initialized, skipping
Refreshing native plugins compatible for Editor in 0.41 ms, found 1 plugins.
Preloading 0 native plugins for Editor in 0.00 ms.
Unloading 1842 Unused Serialized files (Serialized files now loaded: 0)
System memory in use before: 87.1 MB.
System memory in use after: 87.1 MB.

Unloading 13 unused Assets to reduce memory usage. Loaded Objects now: 2406.
Total: 2.236300 ms (FindLiveObjects: 0.236400 ms CreateObjectMapping: 0.051200 ms MarkObjects: 1.805500 ms  DeleteObjects: 0.142300 ms)

========================================================================
Received Import Request.
  Time since last request: 1619.660479 seconds.
  path: Assets/Warped City Assets/Artwork/ENVIRONMENT/amb.asset
  artifactKey: Guid(bd3d0e8e1c07b8846a7b36123260fa74) Importer(815301076,1909f56bfc062723c751e8b465ee728b)
Start importing Assets/Warped City Assets/Artwork/ENVIRONMENT/amb.asset using Guid(bd3d0e8e1c07b8846a7b36123260fa74) Importer(815301076,1909f56bfc062723c751e8b465ee728b)  -> (artifact id: '6819b14b445b309cca7822c150de19b0') in 0.027569 seconds
  Import took 0.031623 seconds .

========================================================================
Received Import Request.
  Time since last request: 33.923076 seconds.
  path: Assets/Warped City Assets/Artwork/ENVIRONMENT/tileset.png
  artifactKey: Guid(e08e6a2f34edd4a7db4285eeddef84a8) Importer(815301076,1909f56bfc062723c751e8b465ee728b)
Start importing Assets/Warped City Assets/Artwork/ENVIRONMENT/tileset.png using Guid(e08e6a2f34edd4a7db4285eeddef84a8) Importer(815301076,1909f56bfc062723c751e8b465ee728b)  -> (artifact id: '26c3edd963d7cd73a4f6cab0e91519a3') in 0.147829 seconds
  Import took 0.151076 seconds .

========================================================================
Received Import Request.
  Time since last request: 210.613554 seconds.
  path: Assets/Warped City Assets/Artwork/ENVIRONMENT/tileset.png
  artifactKey: Guid(e08e6a2f34edd4a7db4285eeddef84a8) Importer(815301076,1909f56bfc062723c751e8b465ee728b)
Start importing Assets/Warped City Assets/Artwork/ENVIRONMENT/tileset.png using Guid(e08e6a2f34edd4a7db4285eeddef84a8) Importer(815301076,1909f56bfc062723c751e8b465ee728b)  -> (artifact id: 'efbc5ddd54dcdc45feb4fae5e0bc7168') in 0.041296 seconds
  Import took 0.044851 seconds .

========================================================================
Received Prepare
Registering precompiled user dll's ...
Registered in 0.001225 seconds.
Begin MonoManager ReloadAssembly
Native extension for WindowsStandalone target not found
Native extension for WebGL target not found
Refreshing native plugins compatible for Editor in 0.40 ms, found 1 plugins.
Preloading 0 native plugins for Editor in 0.00 ms.
Mono: successfully reloaded assembly
- Completed reload, in  1.010 seconds
Platform modules already initialized, skipping
Refreshing native plugins compatible for Editor in 0.39 ms, found 1 plugins.
Preloading 0 native plugins for Editor in 0.00 ms.
Unloading 1842 Unused Serialized files (Serialized files now loaded: 0)
System memory in use before: 90.3 MB.
System memory in use after: 90.2 MB.

Unloading 13 unused Assets to reduce memory usage. Loaded Objects now: 2437.
Total: 2.163900 ms (FindLiveObjects: 0.203500 ms CreateObjectMapping: 0.050900 ms MarkObjects: 1.785200 ms  DeleteObjects: 0.123500 ms)

========================================================================
Received Prepare
Registering precompiled user dll's ...
Registered in 0.001407 seconds.
Begin MonoManager ReloadAssembly
Native extension for WindowsStandalone target not found
Native extension for WebGL target not found
Refreshing native plugins compatible for Editor in 0.43 ms, found 1 plugins.
Preloading 0 native plugins for Editor in 0.00 ms.
Mono: successfully reloaded assembly
- Completed reload, in  0.997 seconds
Platform modules already initialized, skipping
Refreshing native plugins compatible for Editor in 0.40 ms, found 1 plugins.
Preloading 0 native plugins for Editor in 0.00 ms.
Unloading 1842 Unused Serialized files (Serialized files now loaded: 0)
System memory in use before: 90.3 MB.
System memory in use after: 90.2 MB.

Unloading 13 unused Assets to reduce memory usage. Loaded Objects now: 2441.
Total: 2.235900 ms (FindLiveObjects: 0.223000 ms CreateObjectMapping: 0.051700 ms MarkObjects: 1.817000 ms  DeleteObjects: 0.143200 ms)

========================================================================
Received Prepare
Registering precompiled user dll's ...
Registered in 0.001247 seconds.
Begin MonoManager ReloadAssembly
Native extension for WindowsStandalone target not found
Native extension for WebGL target not found
Refreshing native plugins compatible for Editor in 0.39 ms, found 1 plugins.
Preloading 0 native plugins for Editor in 0.00 ms.
Mono: successfully reloaded assembly
- Completed reload, in  1.012 seconds
Platform modules already initialized, skipping
Refreshing native plugins compatible for Editor in 0.39 ms, found 1 plugins.
Preloading 0 native plugins for Editor in 0.00 ms.
Unloading 1842 Unused Serialized files (Serialized files now loaded: 0)
System memory in use before: 90.3 MB.
System memory in use after: 90.2 MB.

Unloading 13 unused Assets to reduce memory usage. Loaded Objects now: 2445.
Total: 2.393500 ms (FindLiveObjects: 0.266600 ms CreateObjectMapping: 0.054400 ms MarkObjects: 1.927100 ms  DeleteObjects: 0.144400 ms)

========================================================================
Received Import Request.
  Time since last request: 1317.478249 seconds.
  path: Assets/Scripts/FondoParallax.cs
  artifactKey: Guid(95298cb7fb33ab4409ec0501445b6945) Importer(815301076,1909f56bfc062723c751e8b465ee728b)
Start importing Assets/Scripts/FondoParallax.cs using Guid(95298cb7fb33ab4409ec0501445b6945) Importer(815301076,1909f56bfc062723c751e8b465ee728b)  -> (artifact id: '8c80d9dc075ca59695d090674751b21f') in 0.014839 seconds
  Import took 0.019645 seconds .

========================================================================
Received Prepare
Registering precompiled user dll's ...
Registered in 0.001185 seconds.
Begin MonoManager ReloadAssembly
Native extension for WindowsStandalone target not found
Native extension for WebGL target not found
Refreshing native plugins compatible for Editor in 0.42 ms, found 1 plugins.
Preloading 0 native plugins for Editor in 0.00 ms.
Mono: successfully reloaded assembly
- Completed reload, in  1.015 seconds
Platform modules already initialized, skipping
Refreshing native plugins compatible for Editor in 0.39 ms, found 1 plugins.
Preloading 0 native plugins for Editor in 0.00 ms.
Unloading 1843 Unused Serialized files (Serialized files now loaded: 0)
System memory in use before: 90.3 MB.
System memory in use after: 90.3 MB.

Unloading 13 unused Assets to reduce memory usage. Loaded Objects now: 2450.
Total: 2.300100 ms (FindLiveObjects: 0.218700 ms CreateObjectMapping: 0.050800 ms MarkObjects: 1.888000 ms  DeleteObjects: 0.141500 ms)

========================================================================
Received Prepare
Registering precompiled user dll's ...
Registered in 0.001482 seconds.
Begin MonoManager ReloadAssembly
Native extension for WindowsStandalone target not found
Native extension for WebGL target not found
Refreshing native plugins compatible for Editor in 0.45 ms, found 1 plugins.
Preloading 0 native plugins for Editor in 0.00 ms.
Mono: successfully reloaded assembly
- Completed reload, in  1.015 seconds
Platform modules already initialized, skipping
Refreshing native plugins compatible for Editor in 0.48 ms, found 1 plugins.
Preloading 0 native plugins for Editor in 0.00 ms.
Unloading 1843 Unused Serialized files (Serialized files now loaded: 0)
System memory in use before: 90.3 MB.
System memory in use after: 90.3 MB.

Unloading 13 unused Assets to reduce memory usage. Loaded Objects now: 2454.
Total: 2.558000 ms (FindLiveObjects: 0.251800 ms CreateObjectMapping: 0.069300 ms MarkObjects: 2.086800 ms  DeleteObjects: 0.149000 ms)

========================================================================
Received Prepare
Registering precompiled user dll's ...
Registered in 0.001179 seconds.
Begin MonoManager ReloadAssembly
Native extension for WindowsStandalone target not found
Native extension for WebGL target not found
Refreshing native plugins compatible for Editor in 0.44 ms, found 1 plugins.
Preloading 0 native plugins for Editor in 0.00 ms.
Mono: successfully reloaded assembly
- Completed reload, in  1.020 seconds
Platform modules already initialized, skipping
Refreshing native plugins compatible for Editor in 0.39 ms, found 1 plugins.
Preloading 0 native plugins for Editor in 0.00 ms.
Unloading 1843 Unused Serialized files (Serialized files now loaded: 0)
System memory in use before: 90.3 MB.
System memory in use after: 90.3 MB.

Unloading 13 unused Assets to reduce memory usage. Loaded Objects now: 2458.
Total: 2.557200 ms (FindLiveObjects: 0.223100 ms CreateObjectMapping: 0.050200 ms MarkObjects: 2.145800 ms  DeleteObjects: 0.136500 ms)

========================================================================
Received Prepare
Registering precompiled user dll's ...
Registered in 0.001221 seconds.
Begin MonoManager ReloadAssembly
Native extension for WindowsStandalone target not found
Native extension for WebGL target not found
Refreshing native plugins compatible for Editor in 0.44 ms, found 1 plugins.
Preloading 0 native plugins for Editor in 0.00 ms.
Mono: successfully reloaded assembly
- Completed reload, in  1.002 seconds
Platform modules already initialized, skipping
Refreshing native plugins compatible for Editor in 0.39 ms, found 1 plugins.
Preloading 0 native plugins for Editor in 0.00 ms.
Unloading 1843 Unused Serialized files (Serialized files now loaded: 0)
System memory in use before: 90.3 MB.
System memory in use after: 90.3 MB.

Unloading 13 unused Assets to reduce memory usage. Loaded Objects now: 2462.
Total: 2.621700 ms (FindLiveObjects: 0.278400 ms CreateObjectMapping: 0.050500 ms MarkObjects: 2.152300 ms  DeleteObjects: 0.139200 ms)

========================================================================
Received Prepare
Registering precompiled user dll's ...
Registered in 0.001247 seconds.
Begin MonoManager ReloadAssembly
Native extension for WindowsStandalone target not found
Native extension for WebGL target not found
Refreshing native plugins compatible for Editor in 0.67 ms, found 1 plugins.
Preloading 0 native plugins for Editor in 0.00 ms.
Mono: successfully reloaded assembly
- Completed reload, in  1.046 seconds
Platform modules already initialized, skipping
Refreshing native plugins compatible for Editor in 0.46 ms, found 1 plugins.
Preloading 0 native plugins for Editor in 0.00 ms.
Unloading 1843 Unused Serialized files (Serialized files now loaded: 0)
System memory in use before: 90.3 MB.
System memory in use after: 90.3 MB.

Unloading 13 unused Assets to reduce memory usage. Loaded Objects now: 2466.
Total: 2.183200 ms (FindLiveObjects: 0.214900 ms CreateObjectMapping: 0.050100 ms MarkObjects: 1.783200 ms  DeleteObjects: 0.134000 ms)

========================================================================
Received Prepare
Registering precompiled user dll's ...
Registered in 0.001198 seconds.
Begin MonoManager ReloadAssembly
Native extension for WindowsStandalone target not found
Native extension for WebGL target not found
Refreshing native plugins compatible for Editor in 0.40 ms, found 1 plugins.
Preloading 0 native plugins for Editor in 0.00 ms.
Mono: successfully reloaded assembly
- Completed reload, in  1.022 seconds
Platform modules already initialized, skipping
Refreshing native plugins compatible for Editor in 0.39 ms, found 1 plugins.
Preloading 0 native plugins for Editor in 0.00 ms.
Unloading 1843 Unused Serialized files (Serialized files now loaded: 0)
System memory in use before: 90.4 MB.
System memory in use after: 90.3 MB.

Unloading 13 unused Assets to reduce memory usage. Loaded Objects now: 2470.
Total: 2.416700 ms (FindLiveObjects: 0.226600 ms CreateObjectMapping: 0.051200 ms MarkObjects: 1.996500 ms  DeleteObjects: 0.141100 ms)

========================================================================
Received Prepare
Registering precompiled user dll's ...
Registered in 0.001259 seconds.
Begin MonoManager ReloadAssembly
Native extension for WindowsStandalone target not found
Native extension for WebGL target not found
Refreshing native plugins compatible for Editor in 0.54 ms, found 1 plugins.
Preloading 0 native plugins for Editor in 0.00 ms.
Mono: successfully reloaded assembly
- Completed reload, in  1.141 seconds
Platform modules already initialized, skipping
Refreshing native plugins compatible for Editor in 0.40 ms, found 1 plugins.
Preloading 0 native plugins for Editor in 0.00 ms.
Unloading 1843 Unused Serialized files (Serialized files now loaded: 0)
System memory in use before: 90.4 MB.
System memory in use after: 90.3 MB.

Unloading 13 unused Assets to reduce memory usage. Loaded Objects now: 2474.
Total: 2.582900 ms (FindLiveObjects: 0.222100 ms CreateObjectMapping: 0.051200 ms MarkObjects: 2.143300 ms  DeleteObjects: 0.164800 ms)

========================================================================
Received Import Request.
  Time since last request: 2633.506067 seconds.
  path: Assets/Warped City Assets/Artwork/ENVIRONMENT/amb.asset
  artifactKey: Guid(bd3d0e8e1c07b8846a7b36123260fa74) Importer(815301076,1909f56bfc062723c751e8b465ee728b)
Start importing Assets/Warped City Assets/Artwork/ENVIRONMENT/amb.asset using Guid(bd3d0e8e1c07b8846a7b36123260fa74) Importer(815301076,1909f56bfc062723c751e8b465ee728b)  -> (artifact id: '48fad058e57e92a6adc36bdf2d4fdc49') in 0.026441 seconds
  Import took 0.030029 seconds .

========================================================================
Received Import Request.
  Time since last request: 104.901150 seconds.
  path: Assets/Scenes
  artifactKey: Guid(771fc66b542a1a340889707192e62885) Importer(815301076,1909f56bfc062723c751e8b465ee728b)
Start importing Assets/Scenes using Guid(771fc66b542a1a340889707192e62885) Importer(815301076,1909f56bfc062723c751e8b465ee728b)  -> (artifact id: '9e0fc32a799204739834ed7f85916350') in 0.010199 seconds
  Import took 0.013647 seconds .

========================================================================
Received Import Request.
  Time since last request: 11.742518 seconds.
  path: Assets/Scenes/MenuOpc.unity
  artifactKey: Guid(c3e0ea6004bd79f42b040dab5083e1ba) Importer(815301076,1909f56bfc062723c751e8b465ee728b)
Start importing Assets/Scenes/MenuOpc.unity using Guid(c3e0ea6004bd79f42b040dab5083e1ba) Importer(815301076,1909f56bfc062723c751e8b465ee728b)  -> (artifact id: 'd429cda90df6cc7e1c56f88f143bd8f0') in 0.012112 seconds
  Import took 0.015749 seconds .

========================================================================
Received Prepare
Registering precompiled user dll's ...
Registered in 0.001214 seconds.
Begin MonoManager ReloadAssembly
Native extension for WindowsStandalone target not found
Native extension for WebGL target not found
Refreshing native plugins compatible for Editor in 0.39 ms, found 1 plugins.
Preloading 0 native plugins for Editor in 0.00 ms.
Mono: successfully reloaded assembly
- Completed reload, in  0.998 seconds
Platform modules already initialized, skipping
Refreshing native plugins compatible for Editor in 0.43 ms, found 1 plugins.
Preloading 0 native plugins for Editor in 0.00 ms.
Unloading 1843 Unused Serialized files (Serialized files now loaded: 0)
System memory in use before: 90.4 MB.
System memory in use after: 90.3 MB.

Unloading 13 unused Assets to reduce memory usage. Loaded Objects now: 2478.
Total: 2.244600 ms (FindLiveObjects: 0.239700 ms CreateObjectMapping: 0.051300 ms MarkObjects: 1.819300 ms  DeleteObjects: 0.133300 ms)

========================================================================
Received Import Request.
  Time since last request: 570.298883 seconds.
  path: Assets/fonts/Coronaviral SDF.asset
  artifactKey: Guid(94cb9e2689213ad419f7986877b289c8) Importer(815301076,1909f56bfc062723c751e8b465ee728b)
Start importing Assets/fonts/Coronaviral SDF.asset using Guid(94cb9e2689213ad419f7986877b289c8) Importer(815301076,1909f56bfc062723c751e8b465ee728b)  -> (artifact id: '951c8437319e9806de2d0cfd9db4d5d1') in 0.139700 seconds
  Import took 0.143272 seconds .

========================================================================
Received Import Request.
  Time since last request: 27.306998 seconds.
  path: Assets/Scenes/MenuOpc.unity
  artifactKey: Guid(c3e0ea6004bd79f42b040dab5083e1ba) Importer(815301076,1909f56bfc062723c751e8b465ee728b)
Start importing Assets/Scenes/MenuOpc.unity using Guid(c3e0ea6004bd79f42b040dab5083e1ba) Importer(815301076,1909f56bfc062723c751e8b465ee728b)  -> (artifact id: 'b3979f9030f55ee625fd50a543f6758e') in 0.003366 seconds
  Import took 0.006552 seconds .

========================================================================
Received Prepare
Registering precompiled user dll's ...
Registered in 0.001240 seconds.
Begin MonoManager ReloadAssembly
Native extension for WindowsStandalone target not found
Native extension for WebGL target not found
Refreshing native plugins compatible for Editor in 0.40 ms, found 1 plugins.
Preloading 0 native plugins for Editor in 0.00 ms.
Mono: successfully reloaded assembly
- Completed reload, in  1.011 seconds
Platform modules already initialized, skipping
Refreshing native plugins compatible for Editor in 0.39 ms, found 1 plugins.
Preloading 0 native plugins for Editor in 0.00 ms.
Unloading 1844 Unused Serialized files (Serialized files now loaded: 0)
System memory in use before: 90.7 MB.
System memory in use after: 90.7 MB.

Unloading 13 unused Assets to reduce memory usage. Loaded Objects now: 2523.
Total: 2.530200 ms (FindLiveObjects: 0.259800 ms CreateObjectMapping: 0.070700 ms MarkObjects: 2.052500 ms  DeleteObjects: 0.146100 ms)

========================================================================
Received Prepare
Registering precompiled user dll's ...
Registered in 0.001237 seconds.
Begin MonoManager ReloadAssembly
Native extension for WindowsStandalone target not found
Native extension for WebGL target not found
Refreshing native plugins compatible for Editor in 0.40 ms, found 1 plugins.
Preloading 0 native plugins for Editor in 0.00 ms.
Mono: successfully reloaded assembly
- Completed reload, in  1.001 seconds
Platform modules already initialized, skipping
Refreshing native plugins compatible for Editor in 0.40 ms, found 1 plugins.
Preloading 0 native plugins for Editor in 0.00 ms.
Unloading 1844 Unused Serialized files (Serialized files now loaded: 0)
System memory in use before: 90.7 MB.
System memory in use after: 90.7 MB.

Unloading 13 unused Assets to reduce memory usage. Loaded Objects now: 2527.
Total: 2.521100 ms (FindLiveObjects: 0.346700 ms CreateObjectMapping: 0.070000 ms MarkObjects: 1.958900 ms  DeleteObjects: 0.144200 ms)

========================================================================
Received Prepare
Registering precompiled user dll's ...
Registered in 0.001577 seconds.
Begin MonoManager ReloadAssembly
Native extension for WindowsStandalone target not found
Native extension for WebGL target not found
Refreshing native plugins compatible for Editor in 0.41 ms, found 1 plugins.
Preloading 0 native plugins for Editor in 0.00 ms.
Mono: successfully reloaded assembly
- Completed reload, in  0.999 seconds
Platform modules already initialized, skipping
Refreshing native plugins compatible for Editor in 0.39 ms, found 1 plugins.
Preloading 0 native plugins for Editor in 0.00 ms.
Unloading 1844 Unused Serialized files (Serialized files now loaded: 0)
System memory in use before: 90.7 MB.
System memory in use after: 90.7 MB.

Unloading 13 unused Assets to reduce memory usage. Loaded Objects now: 2531.
Total: 2.257200 ms (FindLiveObjects: 0.223400 ms CreateObjectMapping: 0.051400 ms MarkObjects: 1.847000 ms  DeleteObjects: 0.134300 ms)

========================================================================
Received Prepare
Registering precompiled user dll's ...
Registered in 0.001216 seconds.
Begin MonoManager ReloadAssembly
Native extension for WindowsStandalone target not found
Native extension for WebGL target not found
Refreshing native plugins compatible for Editor in 0.42 ms, found 1 plugins.
Preloading 0 native plugins for Editor in 0.00 ms.
Mono: successfully reloaded assembly
- Completed reload, in  1.009 seconds
Platform modules already initialized, skipping
Refreshing native plugins compatible for Editor in 0.40 ms, found 1 plugins.
Preloading 0 native plugins for Editor in 0.00 ms.
Unloading 1844 Unused Serialized files (Serialized files now loaded: 0)
System memory in use before: 90.7 MB.
System memory in use after: 90.7 MB.

Unloading 13 unused Assets to reduce memory usage. Loaded Objects now: 2535.
Total: 2.317600 ms (FindLiveObjects: 0.248000 ms CreateObjectMapping: 0.052600 ms MarkObjects: 1.876900 ms  DeleteObjects: 0.138900 ms)

========================================================================
Received Import Request.
  Time since last request: 2469.658672 seconds.
  path: Assets/Scenes/Escena1.unity
  artifactKey: Guid(0c49435186bb84c469a10b862d181ec0) Importer(815301076,1909f56bfc062723c751e8b465ee728b)
Start importing Assets/Scenes/Escena1.unity using Guid(0c49435186bb84c469a10b862d181ec0) Importer(815301076,1909f56bfc062723c751e8b465ee728b)  -> (artifact id: '3b7c3d69cdbf3595ae95c390d605a8ff') in 0.019362 seconds
  Import took 0.022615 seconds .

========================================================================
Received Import Request.
  Time since last request: 675.202430 seconds.
  path: Assets/imgs/Bar.png
  artifactKey: Guid(04ffcb4897c9f884c84bee969b4dc7a1) Importer(815301076,1909f56bfc062723c751e8b465ee728b)
Start importing Assets/imgs/Bar.png using Guid(04ffcb4897c9f884c84bee969b4dc7a1) Importer(815301076,1909f56bfc062723c751e8b465ee728b)  -> (artifact id: 'fc1f78f169ae1704a5fb25f67c5ea41d') in 0.053477 seconds
  Import took 0.057123 seconds .

========================================================================
Received Prepare
Registering precompiled user dll's ...
Registered in 0.044595 seconds.
Begin MonoManager ReloadAssembly
Native extension for WindowsStandalone target not found
Native extension for WebGL target not found
Refreshing native plugins compatible for Editor in 0.39 ms, found 1 plugins.
Preloading 0 native plugins for Editor in 0.00 ms.
Mono: successfully reloaded assembly
- Completed reload, in  0.991 seconds
Platform modules already initialized, skipping
Refreshing native plugins compatible for Editor in 0.40 ms, found 1 plugins.
Preloading 0 native plugins for Editor in 0.00 ms.
Unloading 1845 Unused Serialized files (Serialized files now loaded: 0)
System memory in use before: 90.8 MB.
System memory in use after: 90.7 MB.

Unloading 13 unused Assets to reduce memory usage. Loaded Objects now: 2543.
Total: 2.418600 ms (FindLiveObjects: 0.235400 ms CreateObjectMapping: 0.051700 ms MarkObjects: 1.978300 ms  DeleteObjects: 0.152100 ms)

========================================================================
Received Prepare
Registering precompiled user dll's ...
Registered in 0.001161 seconds.
Begin MonoManager ReloadAssembly
Native extension for WindowsStandalone target not found
Native extension for WebGL target not found
Refreshing native plugins compatible for Editor in 0.52 ms, found 1 plugins.
Preloading 0 native plugins for Editor in 0.00 ms.
Mono: successfully reloaded assembly
- Completed reload, in  1.002 seconds
Platform modules already initialized, skipping
Refreshing native plugins compatible for Editor in 0.41 ms, found 1 plugins.
Preloading 0 native plugins for Editor in 0.00 ms.
Unloading 1845 Unused Serialized files (Serialized files now loaded: 0)
System memory in use before: 90.8 MB.
System memory in use after: 90.8 MB.

Unloading 13 unused Assets to reduce memory usage. Loaded Objects now: 2547.
Total: 2.632800 ms (FindLiveObjects: 0.270800 ms CreateObjectMapping: 0.058300 ms MarkObjects: 2.157700 ms  DeleteObjects: 0.144900 ms)

========================================================================
Received Prepare
Registering precompiled user dll's ...
Registered in 0.001208 seconds.
Begin MonoManager ReloadAssembly
Native extension for WindowsStandalone target not found
Native extension for WebGL target not found
Refreshing native plugins compatible for Editor in 0.41 ms, found 1 plugins.
Preloading 0 native plugins for Editor in 0.00 ms.
Mono: successfully reloaded assembly
- Completed reload, in  0.981 seconds
Platform modules already initialized, skipping
Refreshing native plugins compatible for Editor in 0.54 ms, found 1 plugins.
Preloading 0 native plugins for Editor in 0.00 ms.
Unloading 1845 Unused Serialized files (Serialized files now loaded: 0)
System memory in use before: 90.8 MB.
System memory in use after: 90.8 MB.

Unloading 13 unused Assets to reduce memory usage. Loaded Objects now: 2551.
Total: 2.267400 ms (FindLiveObjects: 0.255700 ms CreateObjectMapping: 0.055100 ms MarkObjects: 1.818600 ms  DeleteObjects: 0.136800 ms)

AssetImportWorkerClient::OnTransportError - code=2 error=End of file
